  Material.cpp
  Light.cpp
  Mesh.cpp
  Renderer.cpp
C:\Program Files (x86)\Windows Kits\10\Include\10.0.22621.0\shared\minwindef.h(130,9): warning C4005: 'APIENTRY': macro redefinition
  (compiling source file 'src/Engine/Rendering/Renderer.cpp')
      C:\Users\woodl\OneDrive\Documents\School\SNHU CS499 Computer Science Capstone\GraphicsWorkspace\src\GraphicsEnhancement\GraphicsEnhancement\Libraries\GLFW\include\GLFW\glfw3.h(123,11):
      see previous definition of 'APIENTRY'
  
  IComponent.cpp
  GameObject.cpp
  Scene.cpp
  GameManager.cpp
C:\Users\woodl\OneDrive\Documents\School\SNHU CS499 Computer Science Capstone\GraphicsWorkspace\src\GraphicsEnhancement\GraphicsEnhancement\src\Engine\SceneManagement\GameManager.cpp(20,20): warning C4244: '=': conversion from 'double' to 'float', possible loss of data
C:\Users\woodl\OneDrive\Documents\School\SNHU CS499 Computer Science Capstone\GraphicsWorkspace\src\GraphicsEnhancement\GraphicsEnhancement\src\Engine\SceneManagement\GameManager.cpp(89,20): warning C4244: '=': conversion from 'double' to 'float', possible loss of data
  GraphicsEnhancement.cpp
C:\Program Files (x86)\Windows Kits\10\Include\10.0.22621.0\shared\minwindef.h(130,9): warning C4005: 'APIENTRY': macro redefinition
  (compiling source file 'src/GraphicsEnhancement.cpp')
      C:\Users\woodl\OneDrive\Documents\School\SNHU CS499 Computer Science Capstone\GraphicsWorkspace\src\GraphicsEnhancement\GraphicsEnhancement\Libraries\GLFW\include\GLFW\glfw3.h(123,11):
      see previous definition of 'APIENTRY'
  
  Texture.cpp
  Generating Code...
  LINK : C:\Users\woodl\OneDrive\Documents\School\SNHU CS499 Computer Science Capstone\GraphicsWorkspace\src\GraphicsEnhancement\Debug\GraphicsEnhancement.exe not found or not built by the last incremental link; performing full link
LINK : warning LNK4098: defaultlib 'LIBCMT' conflicts with use of other libs; use /NODEFAULTLIB:library
glew32s.lib(glew.obj) : warning LNK4099: PDB '' was not found with 'glew32s.lib(glew.obj)' or at ''; linking object as if no debug info
  GraphicsEnhancement.vcxproj -> C:\Users\woodl\OneDrive\Documents\School\SNHU CS499 Computer Science Capstone\GraphicsWorkspace\src\GraphicsEnhancement\Debug\GraphicsEnhancement.exe
